format_detect.adb:10:17: warning: unit "Ada.Strings.Fixed" is not referenced [-gnatwu]
format_detect.adb:163:17: error: operator for type "Status_Code" defined at stunir_types.ads:54 is not directly visible
format_detect.adb:163:17: error: use clause would make operation legal
format_detect.adb:169:17: error: operator for type "Status_Code" defined at stunir_types.ads:54 is not directly visible
format_detect.adb:169:17: error: use clause would make operation legal
format_detect.adb:176:27: error: operator for type "Status_Code" defined at stunir_types.ads:54 is not directly visible
format_detect.adb:176:27: error: use clause would make operation legal
format_detect.adb:199:13: error: "continue" is undefined
format_detect.adb:204:27: error: operator for type "Status_Code" defined at stunir_types.ads:54 is not directly visible
format_detect.adb:204:27: error: use clause would make operation legal
format_detect.adb:240:45: error: prefix of "Access" attribute must be aliased
format_detect.adb:241:45: error: prefix of "Access" attribute must be aliased
format_detect.adb:242:45: error: prefix of "Access" attribute must be aliased
format_detect.adb:243:45: error: prefix of "Access" attribute must be aliased
format_detect.adb:244:45: error: prefix of "Access" attribute must be aliased
stunir_types.ads:11:06: error: cannot depend on "Bounded" (wrong categorization)
stunir_types.ads:11:06: error: pure unit cannot depend on non-pure unit
stunir_types.ads:12:06: error: cannot depend on "Hash" (wrong categorization)
stunir_types.ads:12:06: error: pure unit cannot depend on non-pure unit
stunir_types.ads:234:53: error: missing "with Ada.Containers;"
stunir_types.ads:235:32: error: "Hash" not declared in "Identifier_Strings"
stunir_types.ads:242:06: error: non-static constant in preelaborated unit
stunir_types.ads:242:24: error: static expression must have scalar or string type (RM 4.9(2))
stunir_types.ads:245:06: error: non-static constant in preelaborated unit
stunir_types.ads:245:23: error: static expression must have scalar or string type (RM 4.9(2))
stunir_types.ads:248:06: error: non-static constant in preelaborated unit
stunir_types.ads:248:19: error: static expression must have scalar or string type (RM 4.9(2))
