func_dedup.adb:10:17: warning: unit "Ada.Strings.Fixed" is not referenced [-gnatwu]
func_dedup.adb:64:04: error: instantiation error at a-cohama.ads:429
func_dedup.adb:64:04: error: unconstrained subtype in component declaration
func_dedup.adb:65:26: error: actual for "Key_Type" must be a definite subtype
func_dedup.adb:166:16: error: "Status_Code" is not visible
func_dedup.adb:166:16: error: non-visible declaration at stunir_types.ads:54
func_dedup.adb:300:45: error: prefix of "Access" attribute must be aliased
func_dedup.adb:301:45: error: prefix of "Access" attribute must be aliased
func_dedup.adb:302:45: error: prefix of "Access" attribute must be aliased
func_dedup.adb:303:45: error: prefix of "Access" attribute must be aliased
func_dedup.adb:304:45: error: prefix of "Access" attribute must be aliased
func_dedup.adb:304:99: error: "Enable_Abbr" not declared in "Command_Line"
func_dedup.adb:305:21: error: no candidate interpretations match the actuals:
func_dedup.adb:305:54: error: expected type "Value_Callback" defined at g-comlin.ads:692
func_dedup.adb:305:54: error: found type access to "Ada.Strings.Unbounded.Unbounded_String" defined at line 305
func_dedup.adb:305:54: error:   ==> in call to "Define_Switch" at g-comlin.ads:694
func_dedup.adb:305:54: error: expected an access type with designated type "System.Strings.String_Access"
func_dedup.adb:305:54: error: found an access type with designated private type "Ada.Strings.Unbounded.Unbounded_String"
func_dedup.adb:305:54: error:   ==> in call to "Define_Switch" at g-comlin.ads:678
func_dedup.adb:305:54: error: expected an access type with designated type "Standard.Integer"
func_dedup.adb:305:54: error: found an access type with designated private type "Ada.Strings.Unbounded.Unbounded_String"
func_dedup.adb:305:54: error:   ==> in call to "Define_Switch" at g-comlin.ads:659
func_dedup.adb:305:54: error: expected an access type with designated type "Standard.Boolean"
func_dedup.adb:305:54: error: found an access type with designated private type "Ada.Strings.Unbounded.Unbounded_String"
func_dedup.adb:305:54: error:   ==> in call to "Define_Switch" at g-comlin.ads:640
func_dedup.adb:305:54: error: expected type "Standard.String"
func_dedup.adb:305:54: error: found type access to "Ada.Strings.Unbounded.Unbounded_String" defined at line 305
func_dedup.adb:305:54: error:   ==> in call to "Define_Switch" at g-comlin.ads:608
func_dedup.adb:306:21: error: no candidate interpretations match the actuals:
func_dedup.adb:306:56: error: expected type "Value_Callback" defined at g-comlin.ads:692
func_dedup.adb:306:56: error: found type access to "Ada.Strings.Unbounded.Unbounded_String" defined at line 306
func_dedup.adb:306:56: error:   ==> in call to "Define_Switch" at g-comlin.ads:694
func_dedup.adb:306:56: error: expected an access type with designated type "System.Strings.String_Access"
func_dedup.adb:306:56: error: found an access type with designated private type "Ada.Strings.Unbounded.Unbounded_String"
func_dedup.adb:306:56: error:   ==> in call to "Define_Switch" at g-comlin.ads:678
func_dedup.adb:306:56: error: expected an access type with designated type "Standard.Integer"
func_dedup.adb:306:56: error: found an access type with designated private type "Ada.Strings.Unbounded.Unbounded_String"
func_dedup.adb:306:56: error:   ==> in call to "Define_Switch" at g-comlin.ads:659
func_dedup.adb:306:56: error: expected an access type with designated type "Standard.Boolean"
func_dedup.adb:306:56: error: found an access type with designated private type "Ada.Strings.Unbounded.Unbounded_String"
func_dedup.adb:306:56: error:   ==> in call to "Define_Switch" at g-comlin.ads:640
func_dedup.adb:306:56: error: expected type "Standard.String"
func_dedup.adb:306:56: error: found type access to "Ada.Strings.Unbounded.Unbounded_String" defined at line 306
func_dedup.adb:306:56: error:   ==> in call to "Define_Switch" at g-comlin.ads:608
stunir_types.ads:11:06: error: cannot depend on "Bounded" (wrong categorization)
stunir_types.ads:11:06: error: pure unit cannot depend on non-pure unit
stunir_types.ads:12:06: error: cannot depend on "Hash" (wrong categorization)
stunir_types.ads:12:06: error: pure unit cannot depend on non-pure unit
stunir_types.ads:234:53: error: missing "with Ada.Containers;"
stunir_types.ads:235:32: error: "Hash" not declared in "Identifier_Strings"
stunir_types.ads:242:06: error: non-static constant in preelaborated unit
stunir_types.ads:242:24: error: static expression must have scalar or string type (RM 4.9(2))
stunir_types.ads:245:06: error: non-static constant in preelaborated unit
stunir_types.ads:245:23: error: static expression must have scalar or string type (RM 4.9(2))
stunir_types.ads:248:06: error: non-static constant in preelaborated unit
stunir_types.ads:248:19: error: static expression must have scalar or string type (RM 4.9(2))
