sig_gen_cpp.adb:10:17: warning: unit "Ada.Strings.Fixed" is not referenced [-gnatwu]
sig_gen_cpp.adb:159:36: error: no candidate interpretations match the actuals:
sig_gen_cpp.adb:159:36: error: missing argument for parameter "Right" in call to "Trim" declared at a-strunb.ads:1385
sig_gen_cpp.adb:159:36: error: missing argument for parameter "Right" in call to "Trim" declared at a-strunb.ads:1357
sig_gen_cpp.adb:159:42: error: expected private type "Ada.Strings.Unbounded.Unbounded_String"
sig_gen_cpp.adb:159:42: error: found type "Standard.String"
sig_gen_cpp.adb:159:42: error:   ==> in call to "Trim" at a-strunb.ads:1303
sig_gen_cpp.adb:220:17: error: operator for type "Status_Code" defined at stunir_types.ads:54 is not directly visible
sig_gen_cpp.adb:220:17: error: use clause would make operation legal
sig_gen_cpp.adb:245:27: error: operator for type "Status_Code" defined at stunir_types.ads:54 is not directly visible
sig_gen_cpp.adb:245:27: error: use clause would make operation legal
sig_gen_cpp.adb:253:29: error: operator for type "Status_Code" defined at stunir_types.ads:54 is not directly visible
sig_gen_cpp.adb:253:29: error: use clause would make operation legal
sig_gen_cpp.adb:255:32: error: operator for type "Status_Code" defined at stunir_types.ads:54 is not directly visible
sig_gen_cpp.adb:255:32: error: use clause would make operation legal
sig_gen_cpp.adb:272:33: error: operator for type "Status_Code" defined at stunir_types.ads:54 is not directly visible
sig_gen_cpp.adb:272:33: error: use clause would make operation legal
sig_gen_cpp.adb:275:33: error: operator for type "Status_Code" defined at stunir_types.ads:54 is not directly visible
sig_gen_cpp.adb:275:33: error: use clause would make operation legal
sig_gen_cpp.adb:278:40: error: expected private type "Ada.Strings.Unbounded.Unbounded_String"
sig_gen_cpp.adb:278:40: error: found private type "Ada.Strings.Bounded.Bounded_String" from instance at stunir_types.ads:30
sig_gen_cpp.adb:289:42: error: operator for type "Status_Code" defined at stunir_types.ads:54 is not directly visible
sig_gen_cpp.adb:289:42: error: use clause would make operation legal
sig_gen_cpp.adb:299:51: error: operator for type "Status_Code" defined at stunir_types.ads:54 is not directly visible
sig_gen_cpp.adb:299:51: error: use clause would make operation legal
sig_gen_cpp.adb:306:57: error: operator for type "Status_Code" defined at stunir_types.ads:54 is not directly visible
sig_gen_cpp.adb:306:57: error: use clause would make operation legal
sig_gen_cpp.adb:309:57: error: operator for type "Status_Code" defined at stunir_types.ads:54 is not directly visible
sig_gen_cpp.adb:309:57: error: use clause would make operation legal
sig_gen_cpp.adb:312:62: error: expected private type "Ada.Strings.Unbounded.Unbounded_String"
sig_gen_cpp.adb:312:62: error: found private type "Ada.Strings.Bounded.Bounded_String" from instance at stunir_types.ads:30
sig_gen_cpp.adb:320:37: error: "continue" is undefined
sig_gen_cpp.adb:328:92: error: expected private type "Ada.Strings.Bounded.Bounded_String" from instance at stunir_types.ads:30
sig_gen_cpp.adb:328:92: error: found private type "Ada.Strings.Unbounded.Unbounded_String"
sig_gen_cpp.adb:328:92: error:   ==> in call to "To_String" at a-strbou.ads:129, instance at stunir_types.ads:30
sig_gen_cpp.adb:330:92: error: expected private type "Ada.Strings.Bounded.Bounded_String" from instance at stunir_types.ads:30
sig_gen_cpp.adb:330:92: error: found private type "Ada.Strings.Unbounded.Unbounded_String"
sig_gen_cpp.adb:330:92: error:   ==> in call to "To_String" at a-strbou.ads:129, instance at stunir_types.ads:30
sig_gen_cpp.adb:347:19: error: ambiguous expression (cannot resolve "Append")
sig_gen_cpp.adb:347:19: error: possible interpretation at a-strunb.ads:159
sig_gen_cpp.adb:347:19: error: possible interpretation at a-strunb.ads:149
sig_gen_cpp.adb:347:72: error: expected private type "Ada.Strings.Bounded.Bounded_String" from instance at stunir_types.ads:30
sig_gen_cpp.adb:347:72: error: found private type "Ada.Strings.Unbounded.Unbounded_String"
sig_gen_cpp.adb:347:72: error:   ==> in call to "To_String" at a-strbou.ads:129, instance at stunir_types.ads:30
sig_gen_cpp.adb:348:72: error: expected private type "Ada.Strings.Bounded.Bounded_String" from instance at stunir_types.ads:30
sig_gen_cpp.adb:348:72: error: found private type "Ada.Strings.Unbounded.Unbounded_String"
sig_gen_cpp.adb:348:72: error:   ==> in call to "To_String" at a-strbou.ads:129, instance at stunir_types.ads:30
sig_gen_cpp.adb:353:19: error: ambiguous expression (cannot resolve "Append")
sig_gen_cpp.adb:353:19: error: possible interpretation at a-strunb.ads:159
sig_gen_cpp.adb:353:19: error: possible interpretation at a-strunb.ads:149
sig_gen_cpp.adb:353:72: error: expected private type "Ada.Strings.Bounded.Bounded_String" from instance at stunir_types.ads:30
sig_gen_cpp.adb:353:72: error: found private type "Ada.Strings.Unbounded.Unbounded_String"
sig_gen_cpp.adb:353:72: error:   ==> in call to "To_String" at a-strbou.ads:129, instance at stunir_types.ads:30
sig_gen_cpp.adb:354:72: error: expected private type "Ada.Strings.Bounded.Bounded_String" from instance at stunir_types.ads:30
sig_gen_cpp.adb:354:72: error: found private type "Ada.Strings.Unbounded.Unbounded_String"
sig_gen_cpp.adb:354:72: error:   ==> in call to "To_String" at a-strbou.ads:129, instance at stunir_types.ads:30
sig_gen_cpp.adb:383:45: error: prefix of "Access" attribute must be aliased
sig_gen_cpp.adb:384:45: error: prefix of "Access" attribute must be aliased
sig_gen_cpp.adb:385:45: error: prefix of "Access" attribute must be aliased
sig_gen_cpp.adb:386:45: error: prefix of "Access" attribute must be aliased
sig_gen_cpp.adb:387:45: error: prefix of "Access" attribute must be aliased
sig_gen_cpp.adb:388:21: error: no candidate interpretations match the actuals:
sig_gen_cpp.adb:388:54: error: expected type "Value_Callback" defined at g-comlin.ads:692
sig_gen_cpp.adb:388:54: error: found type access to "Ada.Strings.Unbounded.Unbounded_String" defined at line 388
sig_gen_cpp.adb:388:54: error:   ==> in call to "Define_Switch" at g-comlin.ads:694
sig_gen_cpp.adb:388:54: error: expected an access type with designated type "System.Strings.String_Access"
sig_gen_cpp.adb:388:54: error: found an access type with designated private type "Ada.Strings.Unbounded.Unbounded_String"
sig_gen_cpp.adb:388:54: error:   ==> in call to "Define_Switch" at g-comlin.ads:678
sig_gen_cpp.adb:388:54: error: expected an access type with designated type "Standard.Integer"
sig_gen_cpp.adb:388:54: error: found an access type with designated private type "Ada.Strings.Unbounded.Unbounded_String"
sig_gen_cpp.adb:388:54: error:   ==> in call to "Define_Switch" at g-comlin.ads:659
sig_gen_cpp.adb:388:54: error: expected an access type with designated type "Standard.Boolean"
sig_gen_cpp.adb:388:54: error: found an access type with designated private type "Ada.Strings.Unbounded.Unbounded_String"
sig_gen_cpp.adb:388:54: error:   ==> in call to "Define_Switch" at g-comlin.ads:640
sig_gen_cpp.adb:388:54: error: expected type "Standard.String"
sig_gen_cpp.adb:388:54: error: found type access to "Ada.Strings.Unbounded.Unbounded_String" defined at line 388
sig_gen_cpp.adb:388:54: error:   ==> in call to "Define_Switch" at g-comlin.ads:608
sig_gen_cpp.adb:389:21: error: no candidate interpretations match the actuals:
sig_gen_cpp.adb:389:57: error: expected type "Value_Callback" defined at g-comlin.ads:692
sig_gen_cpp.adb:389:57: error: found type access to "Ada.Strings.Unbounded.Unbounded_String" defined at line 389
sig_gen_cpp.adb:389:57: error:   ==> in call to "Define_Switch" at g-comlin.ads:694
sig_gen_cpp.adb:389:57: error: expected an access type with designated type "System.Strings.String_Access"
sig_gen_cpp.adb:389:57: error: found an access type with designated private type "Ada.Strings.Unbounded.Unbounded_String"
sig_gen_cpp.adb:389:57: error:   ==> in call to "Define_Switch" at g-comlin.ads:678
sig_gen_cpp.adb:389:57: error: expected an access type with designated type "Standard.Integer"
sig_gen_cpp.adb:389:57: error: found an access type with designated private type "Ada.Strings.Unbounded.Unbounded_String"
sig_gen_cpp.adb:389:57: error:   ==> in call to "Define_Switch" at g-comlin.ads:659
sig_gen_cpp.adb:389:57: error: expected an access type with designated type "Standard.Boolean"
sig_gen_cpp.adb:389:57: error: found an access type with designated private type "Ada.Strings.Unbounded.Unbounded_String"
sig_gen_cpp.adb:389:57: error:   ==> in call to "Define_Switch" at g-comlin.ads:640
sig_gen_cpp.adb:389:57: error: expected type "Standard.String"
sig_gen_cpp.adb:389:57: error: found type access to "Ada.Strings.Unbounded.Unbounded_String" defined at line 389
sig_gen_cpp.adb:389:57: error:   ==> in call to "Define_Switch" at g-comlin.ads:608
sig_gen_cpp.adb:390:21: error: no candidate interpretations match the actuals:
sig_gen_cpp.adb:390:56: error: expected type "Value_Callback" defined at g-comlin.ads:692
sig_gen_cpp.adb:390:56: error: found type access to "Ada.Strings.Unbounded.Unbounded_String" defined at line 390
sig_gen_cpp.adb:390:56: error:   ==> in call to "Define_Switch" at g-comlin.ads:694
sig_gen_cpp.adb:390:56: error: expected an access type with designated type "System.Strings.String_Access"
sig_gen_cpp.adb:390:56: error: found an access type with designated private type "Ada.Strings.Unbounded.Unbounded_String"
sig_gen_cpp.adb:390:56: error:   ==> in call to "Define_Switch" at g-comlin.ads:678
sig_gen_cpp.adb:390:56: error: expected an access type with designated type "Standard.Integer"
sig_gen_cpp.adb:390:56: error: found an access type with designated private type "Ada.Strings.Unbounded.Unbounded_String"
sig_gen_cpp.adb:390:56: error:   ==> in call to "Define_Switch" at g-comlin.ads:659
sig_gen_cpp.adb:390:56: error: expected an access type with designated type "Standard.Boolean"
sig_gen_cpp.adb:390:56: error: found an access type with designated private type "Ada.Strings.Unbounded.Unbounded_String"
sig_gen_cpp.adb:390:56: error:   ==> in call to "Define_Switch" at g-comlin.ads:640
sig_gen_cpp.adb:390:56: error: expected type "Standard.String"
sig_gen_cpp.adb:390:56: error: found type access to "Ada.Strings.Unbounded.Unbounded_String" defined at line 390
sig_gen_cpp.adb:390:56: error:   ==> in call to "Define_Switch" at g-comlin.ads:608
stunir_types.ads:11:06: error: cannot depend on "Bounded" (wrong categorization)
stunir_types.ads:11:06: error: pure unit cannot depend on non-pure unit
stunir_types.ads:12:06: error: cannot depend on "Hash" (wrong categorization)
stunir_types.ads:12:06: error: pure unit cannot depend on non-pure unit
stunir_types.ads:234:53: error: missing "with Ada.Containers;"
stunir_types.ads:235:32: error: "Hash" not declared in "Identifier_Strings"
stunir_types.ads:242:06: error: non-static constant in preelaborated unit
stunir_types.ads:242:24: error: static expression must have scalar or string type (RM 4.9(2))
stunir_types.ads:245:06: error: non-static constant in preelaborated unit
stunir_types.ads:245:23: error: static expression must have scalar or string type (RM 4.9(2))
stunir_types.ads:248:06: error: non-static constant in preelaborated unit
stunir_types.ads:248:19: error: static expression must have scalar or string type (RM 4.9(2))
