spec_assembler.adb:12:17: warning: unit "Ada.Strings.Bounded" is not referenced [-gnatwu]
spec_assembler.adb:25:37: error: no value supplied for component "File_Count"
spec_assembler.adb:28:29: error: "others" must appear last in an aggregate
spec_assembler.adb:38:26: error: missing ")"
spec_assembler.adb:48:29: error: "Token_Object_Start" is undefined (more references follow)
spec_assembler.adb:56:20: error: "Current_Token" is undefined (more references follow)
spec_assembler.adb:56:45: error: "Token_Object_End" is undefined (more references follow)
spec_assembler.adb:62:13: error: "Parse_String_Member" is undefined (more references follow)
spec_assembler.adb:100:38: error: "Token_Comma" is undefined (more references follow)
spec_assembler.adb:153:46: error: no value supplied for component "Count"
spec_assembler.adb:154:30: error: "others" must appear last in an aggregate
spec_assembler.adb:161:29: error: missing ")"
spec_assembler.adb:205:41: error: missing ")"
spec_assembler.adb:209:33: error: missing ")"
spec_assembler.adb:213:36: error: missing ")"
spec_assembler.adb:217:39: error: missing ")"
spec_assembler.adb:221:33: error: missing ")"
spec_assembler.adb:222:31: error: missing ")"
spec_assembler.adb:226:36: error: missing ")"
spec_assembler.adb:235:34: error: missing ")"
spec_assembler.adb:239:41: error: missing ")"
spec_assembler.adb:243:40: error: missing ")"
spec_assembler.adb:255:40: error: missing ")"
spec_assembler.adb:258:40: error: missing ")"
stunir_json_parser.ads:18:25: error: "Token_Type" is undefined (more references follow)
stunir_json_parser.ads:18:51: error: "Token_EOF" not declared in "STUNIR_Types"
stunir_json_parser.ads:22:23: error: "Parser_State" is undefined (more references follow)
stunir_json_parser.ads:27:41: error: invalid prefix in selected component "State"
stunir_json_parser.ads:34:15: error: invalid prefix in selected component "State"
stunir_json_parser.ads:44:15: error: invalid prefix in selected component "State"
stunir_json_parser.ads:52:15: error: invalid prefix in selected component "State"
stunir_json_parser.ads:53:41: error: invalid prefix in selected component "State"
