type_normalize.adb:102:07: warning: use clause for package "Maps" has no effect [-gnatwu]
type_normalize.adb:121:07: warning: variable "Result" is not referenced [-gnatwu]
type_normalize.adb:296:45: error: prefix of "Access" attribute must be aliased
type_normalize.adb:297:45: error: prefix of "Access" attribute must be aliased
type_normalize.adb:298:45: error: prefix of "Access" attribute must be aliased
type_normalize.adb:299:45: error: prefix of "Access" attribute must be aliased
type_normalize.adb:300:21: error: no candidate interpretations match the actuals:
type_normalize.adb:300:56: error: expected type "Value_Callback" defined at g-comlin.ads:692
type_normalize.adb:300:56: error: found type access to "Ada.Strings.Unbounded.Unbounded_String" defined at line 300
type_normalize.adb:300:56: error:   ==> in call to "Define_Switch" at g-comlin.ads:694
type_normalize.adb:300:56: error: expected an access type with designated type "System.Strings.String_Access"
type_normalize.adb:300:56: error: found an access type with designated private type "Ada.Strings.Unbounded.Unbounded_String"
type_normalize.adb:300:56: error:   ==> in call to "Define_Switch" at g-comlin.ads:678
type_normalize.adb:300:56: error: expected an access type with designated type "Standard.Integer"
type_normalize.adb:300:56: error: found an access type with designated private type "Ada.Strings.Unbounded.Unbounded_String"
type_normalize.adb:300:56: error:   ==> in call to "Define_Switch" at g-comlin.ads:659
type_normalize.adb:300:56: error: expected an access type with designated type "Standard.Boolean"
type_normalize.adb:300:56: error: found an access type with designated private type "Ada.Strings.Unbounded.Unbounded_String"
type_normalize.adb:300:56: error:   ==> in call to "Define_Switch" at g-comlin.ads:640
type_normalize.adb:300:56: error: expected type "Standard.String"
type_normalize.adb:300:56: error: found type access to "Ada.Strings.Unbounded.Unbounded_String" defined at line 300
type_normalize.adb:300:56: error:   ==> in call to "Define_Switch" at g-comlin.ads:608
