type_map.adb:11:17: warning: unit "Ada.Strings.Maps" is not referenced [-gnatwu]
type_map.adb:359:45: error: prefix of "Access" attribute must be aliased
type_map.adb:360:45: error: prefix of "Access" attribute must be aliased
type_map.adb:361:45: error: prefix of "Access" attribute must be aliased
type_map.adb:362:45: error: prefix of "Access" attribute must be aliased
type_map.adb:363:21: error: no candidate interpretations match the actuals:
type_map.adb:363:53: error: expected type "Value_Callback" defined at g-comlin.ads:692
type_map.adb:363:53: error: found type access to subtype of "Standard.String" defined at line 363
type_map.adb:363:53: error:   ==> in call to "Define_Switch" at g-comlin.ads:694
type_map.adb:363:53: error: expected an access type with designated type "System.Strings.String_Access"
type_map.adb:363:53: error: found an access type with designated subtype of "Standard.String" defined at line 356
type_map.adb:363:53: error:   ==> in call to "Define_Switch" at g-comlin.ads:678
type_map.adb:363:53: error: expected an access type with designated type "Standard.Integer"
type_map.adb:363:53: error: found an access type with designated subtype of "Standard.String" defined at line 356
type_map.adb:363:53: error:   ==> in call to "Define_Switch" at g-comlin.ads:659
type_map.adb:363:53: error: expected an access type with designated type "Standard.Boolean"
type_map.adb:363:53: error: found an access type with designated subtype of "Standard.String" defined at line 356
type_map.adb:363:53: error:   ==> in call to "Define_Switch" at g-comlin.ads:640
type_map.adb:363:53: error: expected type "Standard.String"
type_map.adb:363:53: error: found type access to subtype of "Standard.String" defined at line 363
type_map.adb:363:53: error:   ==> in call to "Define_Switch" at g-comlin.ads:608
type_map.adb:364:21: error: no candidate interpretations match the actuals:
type_map.adb:364:56: error: expected type "Value_Callback" defined at g-comlin.ads:692
type_map.adb:364:56: error: found type access to "Ada.Strings.Unbounded.Unbounded_String" defined at line 364
type_map.adb:364:56: error:   ==> in call to "Define_Switch" at g-comlin.ads:694
type_map.adb:364:56: error: expected an access type with designated type "System.Strings.String_Access"
type_map.adb:364:56: error: found an access type with designated private type "Ada.Strings.Unbounded.Unbounded_String"
type_map.adb:364:56: error:   ==> in call to "Define_Switch" at g-comlin.ads:678
type_map.adb:364:56: error: expected an access type with designated type "Standard.Integer"
type_map.adb:364:56: error: found an access type with designated private type "Ada.Strings.Unbounded.Unbounded_String"
type_map.adb:364:56: error:   ==> in call to "Define_Switch" at g-comlin.ads:659
type_map.adb:364:56: error: expected an access type with designated type "Standard.Boolean"
type_map.adb:364:56: error: found an access type with designated private type "Ada.Strings.Unbounded.Unbounded_String"
type_map.adb:364:56: error:   ==> in call to "Define_Switch" at g-comlin.ads:640
type_map.adb:364:56: error: expected type "Standard.String"
type_map.adb:364:56: error: found type access to "Ada.Strings.Unbounded.Unbounded_String" defined at line 364
type_map.adb:364:56: error:   ==> in call to "Define_Switch" at g-comlin.ads:608
