func_dedup.adb:10:17: warning: unit "Ada.Strings.Fixed" is not referenced [-gnatwu]
func_dedup.adb:150:22: error: operator for type "System.Strings.String_Access" is not directly visible
func_dedup.adb:150:22: error: use clause would make operation legal
func_dedup.adb:167:11: warning: "STUNIR_JSON_Parser" is already use-visible through previous use_clause at line 24 [-gnatwr]
func_dedup.adb:215:45: error: expected private type "Ada.Strings.Unbounded.Unbounded_String"
func_dedup.adb:215:45: error: found private type "Ada.Strings.Bounded.Bounded_String" from instance at stunir_types.ads:19
func_dedup.adb:243:53: error: expected type "Standard.String"
func_dedup.adb:243:53: error: found private type "Ada.Strings.Unbounded.Unbounded_String"
func_dedup.adb:243:53: error:   ==> in call to "Contains" at a-cihama.ads:278, instance at line 68
func_dedup.adb:247:52: error: expected type "Standard.String"
func_dedup.adb:247:52: error: found private type "Ada.Strings.Unbounded.Unbounded_String"
func_dedup.adb:247:52: error:   ==> in call to "Replace" at a-cihama.ads:223, instance at line 68
func_dedup.adb:250:33: error: no candidate interpretations match the actuals:
func_dedup.adb:250:33: error: missing argument for parameter "Position" in call to "Insert" declared at a-cihama.ads:183, instance at line 68
func_dedup.adb:250:48: error: expected type "Standard.String"
func_dedup.adb:250:48: error: found private type "Ada.Strings.Unbounded.Unbounded_String"
func_dedup.adb:250:48: error:   ==> in call to "Insert" at a-cihama.ads:201, instance at line 68
func_dedup.adb:262:19: error: ambiguous expression (cannot resolve "Append")
func_dedup.adb:262:19: error: possible interpretation at a-strunb.ads:159
func_dedup.adb:262:19: error: possible interpretation at a-strunb.ads:149
func_dedup.adb:262:66: error: expected private type "Ada.Strings.Unbounded.Unbounded_String"
func_dedup.adb:262:66: error: found private type "Ada.Strings.Bounded.Bounded_String" from instance at stunir_types.ads:19
func_dedup.adb:262:66: error:   ==> in call to "To_String" at a-strunb.ads:135
func_dedup.adb:264:59: error: expected private type "Ada.Strings.Unbounded.Unbounded_String"
func_dedup.adb:264:59: error: found private type "Ada.Strings.Bounded.Bounded_String" from instance at stunir_types.ads:19
func_dedup.adb:264:59: error:   ==> in call to "To_String" at a-strunb.ads:135
func_dedup.adb:288:10: error: no candidate interpretations match the actuals:
func_dedup.adb:288:43: error: expected type "Standard.Character"
func_dedup.adb:288:43: error: found type "Standard.Integer"
func_dedup.adb:288:43: error:   ==> in call to "Append" at a-strunb.ads:168
func_dedup.adb:288:43: error: expected type "Standard.String"
func_dedup.adb:288:43: error: found type "Standard.Integer"
func_dedup.adb:288:43: error:   ==> in call to "Append" at a-strunb.ads:159
func_dedup.adb:288:43: error: expected private type "Ada.Strings.Unbounded.Unbounded_String"
func_dedup.adb:288:43: error: found type "Standard.Integer"
func_dedup.adb:288:43: error:   ==> in call to "Append" at a-strunb.ads:149
func_dedup.adb:305:99: error: "Enable_Abbr" not declared in "Command_Line"
