sig_gen_rust.adb:205:11: warning: "Stunir_JSON_Parser" is already use-visible through previous use_clause at line 21 [-gnatwr]
sig_gen_rust.adb:249:83: error: expected private type "Ada.Strings.Bounded.Bounded_String" from instance at stunir_types.ads:21
sig_gen_rust.adb:249:83: error: found private type "Ada.Strings.Unbounded.Unbounded_String"
sig_gen_rust.adb:249:83: error:   ==> in call to "To_String" at a-strbou.ads:129, instance at stunir_types.ads:21
sig_gen_rust.adb:269:90: error: expected private type "Ada.Strings.Bounded.Bounded_String" from instance at stunir_types.ads:21
sig_gen_rust.adb:269:90: error: found private type "Ada.Strings.Unbounded.Unbounded_String"
sig_gen_rust.adb:269:90: error:   ==> in call to "To_String" at a-strbou.ads:129, instance at stunir_types.ads:21
sig_gen_rust.adb:280:115: error: expected private type "Ada.Strings.Bounded.Bounded_String" from instance at stunir_types.ads:21
sig_gen_rust.adb:280:115: error: found private type "Ada.Strings.Unbounded.Unbounded_String"
sig_gen_rust.adb:280:115: error:   ==> in call to "To_String" at a-strbou.ads:129, instance at stunir_types.ads:21
sig_gen_rust.adb:303:108: error: expected private type "Ada.Strings.Bounded.Bounded_String" from instance at stunir_types.ads:21
sig_gen_rust.adb:303:108: error: found private type "Ada.Strings.Unbounded.Unbounded_String"
sig_gen_rust.adb:303:108: error:   ==> in call to "To_String" at a-strbou.ads:129, instance at stunir_types.ads:21
sig_gen_rust.adb:314:135: error: expected private type "Ada.Strings.Bounded.Bounded_String" from instance at stunir_types.ads:21
sig_gen_rust.adb:314:135: error: found private type "Ada.Strings.Unbounded.Unbounded_String"
sig_gen_rust.adb:314:135: error:   ==> in call to "To_String" at a-strbou.ads:129, instance at stunir_types.ads:21
sig_gen_rust.adb:328:92: error: expected private type "Ada.Strings.Bounded.Bounded_String" from instance at stunir_types.ads:21
sig_gen_rust.adb:328:92: error: found private type "Ada.Strings.Unbounded.Unbounded_String"
sig_gen_rust.adb:328:92: error:   ==> in call to "To_String" at a-strbou.ads:129, instance at stunir_types.ads:21
sig_gen_rust.adb:330:92: error: expected private type "Ada.Strings.Bounded.Bounded_String" from instance at stunir_types.ads:21
sig_gen_rust.adb:330:92: error: found private type "Ada.Strings.Unbounded.Unbounded_String"
sig_gen_rust.adb:330:92: error:   ==> in call to "To_String" at a-strbou.ads:129, instance at stunir_types.ads:21
sig_gen_rust.adb:352:72: error: expected private type "Ada.Strings.Bounded.Bounded_String" from instance at stunir_types.ads:21
sig_gen_rust.adb:352:72: error: found private type "Ada.Strings.Unbounded.Unbounded_String"
sig_gen_rust.adb:352:72: error:   ==> in call to "To_String" at a-strbou.ads:129, instance at stunir_types.ads:21
sig_gen_rust.adb:354:19: error: ambiguous expression (cannot resolve "Append")
sig_gen_rust.adb:354:19: error: possible interpretation at a-strunb.ads:159
sig_gen_rust.adb:354:19: error: possible interpretation at a-strunb.ads:149
sig_gen_rust.adb:354:81: error: expected private type "Ada.Strings.Bounded.Bounded_String" from instance at stunir_types.ads:21
sig_gen_rust.adb:354:81: error: found private type "Ada.Strings.Unbounded.Unbounded_String"
sig_gen_rust.adb:354:81: error:   ==> in call to "To_String" at a-strbou.ads:129, instance at stunir_types.ads:21
sig_gen_rust.adb:359:72: error: expected private type "Ada.Strings.Bounded.Bounded_String" from instance at stunir_types.ads:21
sig_gen_rust.adb:359:72: error: found private type "Ada.Strings.Unbounded.Unbounded_String"
sig_gen_rust.adb:359:72: error:   ==> in call to "To_String" at a-strbou.ads:129, instance at stunir_types.ads:21
sig_gen_rust.adb:361:19: error: ambiguous expression (cannot resolve "Append")
sig_gen_rust.adb:361:19: error: possible interpretation at a-strunb.ads:159
sig_gen_rust.adb:361:19: error: possible interpretation at a-strunb.ads:149
sig_gen_rust.adb:361:81: error: expected private type "Ada.Strings.Bounded.Bounded_String" from instance at stunir_types.ads:21
sig_gen_rust.adb:361:81: error: found private type "Ada.Strings.Unbounded.Unbounded_String"
sig_gen_rust.adb:361:81: error:   ==> in call to "To_String" at a-strbou.ads:129, instance at stunir_types.ads:21
sig_gen_rust.adb:395:45: error: prefix of "Access" attribute must be aliased
sig_gen_rust.adb:396:45: error: prefix of "Access" attribute must be aliased
sig_gen_rust.adb:397:45: error: prefix of "Access" attribute must be aliased
sig_gen_rust.adb:398:45: error: prefix of "Access" attribute must be aliased
sig_gen_rust.adb:399:45: error: prefix of "Access" attribute must be aliased
sig_gen_rust.adb:399:99: error: "Disable_Abbr" not declared in "Command_Line"
sig_gen_rust.adb:400:21: error: no candidate interpretations match the actuals:
sig_gen_rust.adb:400:56: error: expected type "Value_Callback" defined at g-comlin.ads:692
sig_gen_rust.adb:400:56: error: found type access to "Ada.Strings.Unbounded.Unbounded_String" defined at line 400
sig_gen_rust.adb:400:56: error:   ==> in call to "Define_Switch" at g-comlin.ads:694
sig_gen_rust.adb:400:56: error: expected an access type with designated type "System.Strings.String_Access"
sig_gen_rust.adb:400:56: error: found an access type with designated private type "Ada.Strings.Unbounded.Unbounded_String"
sig_gen_rust.adb:400:56: error:   ==> in call to "Define_Switch" at g-comlin.ads:678
sig_gen_rust.adb:400:56: error: expected an access type with designated type "Standard.Integer"
sig_gen_rust.adb:400:56: error: found an access type with designated private type "Ada.Strings.Unbounded.Unbounded_String"
sig_gen_rust.adb:400:56: error:   ==> in call to "Define_Switch" at g-comlin.ads:659
sig_gen_rust.adb:400:56: error: expected an access type with designated type "Standard.Boolean"
sig_gen_rust.adb:400:56: error: found an access type with designated private type "Ada.Strings.Unbounded.Unbounded_String"
sig_gen_rust.adb:400:56: error:   ==> in call to "Define_Switch" at g-comlin.ads:640
sig_gen_rust.adb:400:56: error: expected type "Standard.String"
sig_gen_rust.adb:400:56: error: found type access to "Ada.Strings.Unbounded.Unbounded_String" defined at line 400
sig_gen_rust.adb:400:56: error:   ==> in call to "Define_Switch" at g-comlin.ads:608
sig_gen_rust.adb:401:21: error: no candidate interpretations match the actuals:
sig_gen_rust.adb:401:56: error: expected type "Value_Callback" defined at g-comlin.ads:692
sig_gen_rust.adb:401:56: error: found type access to "Ada.Strings.Unbounded.Unbounded_String" defined at line 401
sig_gen_rust.adb:401:56: error:   ==> in call to "Define_Switch" at g-comlin.ads:694
sig_gen_rust.adb:401:56: error: expected an access type with designated type "System.Strings.String_Access"
sig_gen_rust.adb:401:56: error: found an access type with designated private type "Ada.Strings.Unbounded.Unbounded_String"
sig_gen_rust.adb:401:56: error:   ==> in call to "Define_Switch" at g-comlin.ads:678
sig_gen_rust.adb:401:56: error: expected an access type with designated type "Standard.Integer"
sig_gen_rust.adb:401:56: error: found an access type with designated private type "Ada.Strings.Unbounded.Unbounded_String"
sig_gen_rust.adb:401:56: error:   ==> in call to "Define_Switch" at g-comlin.ads:659
sig_gen_rust.adb:401:56: error: expected an access type with designated type "Standard.Boolean"
sig_gen_rust.adb:401:56: error: found an access type with designated private type "Ada.Strings.Unbounded.Unbounded_String"
sig_gen_rust.adb:401:56: error:   ==> in call to "Define_Switch" at g-comlin.ads:640
sig_gen_rust.adb:401:56: error: expected type "Standard.String"
sig_gen_rust.adb:401:56: error: found type access to "Ada.Strings.Unbounded.Unbounded_String" defined at line 401
sig_gen_rust.adb:401:56: error:   ==> in call to "Define_Switch" at g-comlin.ads:608
